<?xml version="1.0" encoding="UTF-8"?>
<robot generator="Robot 7.1 (Python 3.10.7 on win32)" generated="2025-07-07T16:37:11.152620" rpa="false" schemaversion="5">
<suite id="s1" name="Testcase" source="C:\portfolio\robot-reqres-api\testcase">
<suite id="s1-s1" name="Tc 001 User Api Success Case" source="C:\portfolio\robot-reqres-api\testcase\tc_001_user_api_success_case.robot">
<test id="s1-s1-t1" name="Scenario1: Users - Get user list - Without pagination parameters (default)" line="6">
<kw name="Get user list" owner="user_api_keyword">
<kw name="Create Dictionary" owner="BuiltIn">
<msg time="2025-07-07T16:37:11.487837" level="INFO">${headers} = {'Content-Type': 'application/json; charset=utf-8', 'x-api-key': 'reqres-free-v1'}</msg>
<var>${headers}</var>
<arg>Content-Type=application/json; charset=utf-8</arg>
<arg>x-api-key=${reqres_x_api_key}</arg>
<doc>Creates and returns a dictionary based on the given ``items``.</doc>
<status status="PASS" start="2025-07-07T16:37:11.487837" elapsed="0.000000"/>
</kw>
<kw name="Create Dictionary" owner="BuiltIn">
<msg time="2025-07-07T16:37:11.489287" level="INFO">${query_params} = {}</msg>
<var>${query_params}</var>
<doc>Creates and returns a dictionary based on the given ``items``.</doc>
<status status="PASS" start="2025-07-07T16:37:11.487837" elapsed="0.001450"/>
</kw>
<kw name="Run Keyword If" owner="BuiltIn">
<arg>'${page}' != '${NONE}'</arg>
<arg>Set To Dictionary</arg>
<arg>${query_params}</arg>
<arg>page=${page}</arg>
<doc>Runs the given keyword with the given arguments, if ``condition`` is true.</doc>
<status status="PASS" start="2025-07-07T16:37:11.489287" elapsed="0.000000"/>
</kw>
<kw name="Run Keyword If" owner="BuiltIn">
<arg>'${per_page}' != '${NONE}'</arg>
<arg>Set To Dictionary</arg>
<arg>${query_params}</arg>
<arg>per_page=${per_page}</arg>
<doc>Runs the given keyword with the given arguments, if ``condition`` is true.</doc>
<status status="PASS" start="2025-07-07T16:37:11.489287" elapsed="0.000000"/>
</kw>
<kw name="Create API Session" owner="common_keywords">
<kw name="Create Session" owner="RequestsLibrary">
<msg time="2025-07-07T16:37:11.489287" level="INFO">Creating Session using : alias=get_user_session, url=https://reqres.in, headers={},                     cookies={}, auth=None, timeout=None, proxies=None, verify=False,                     debug=0 </msg>
<arg>${session_alias}</arg>
<arg>${base_url}</arg>
<doc>Create Session: create a HTTP session to a server</doc>
<status status="PASS" start="2025-07-07T16:37:11.489287" elapsed="0.001297"/>
</kw>
<arg>get_user_session</arg>
<arg>${reqres_base_url}</arg>
<status status="PASS" start="2025-07-07T16:37:11.489287" elapsed="0.001297"/>
</kw>
<kw name="Get API Request" owner="common_keywords">
<kw name="GET On Session" owner="RequestsLibrary">
<msg time="2025-07-07T16:37:11.701167" level="INFO">GET Request : url=https://reqres.in/api/users 
 path_url=/api/users 
 headers={'User-Agent': 'python-requests/2.31.0', 'Accept-Encoding': 'gzip, deflate', 'Accept': '*/*', 'Connection': 'keep-alive', 'Content-Type': 'application/json; charset=utf-8', 'x-api-key': 'reqres-free-v1'} 
 body=None 
 </msg>
<msg time="2025-07-07T16:37:11.701167" level="INFO">GET Response : url=https://reqres.in/api/users 
 status=200, reason=OK 
 headers={'Date': 'Mon, 07 Jul 2025 09:37:12 GMT', 'Content-Type': 'application/json; charset=utf-8', 'Transfer-Encoding': 'chunked', 'Connection': 'keep-alive', 'Content-Encoding': 'gzip', 'Report-To': '{"group":"heroku-nel","max_age":3600,"endpoints":[{"url":"https://nel.heroku.com/reports?ts=1751875108&amp;sid=c4c9725f-1ab0-44d8-820f-430df2718e11&amp;s=CHPL6Mi2Vf5lIq2sarpE8jkJ2YKHcsCceM2Y8QmQanw%3D"}]}', 'Reporting-Endpoints': 'heroku-nel=https://nel.heroku.com/reports?ts=1751875108&amp;sid=c4c9725f-1ab0-44d8-820f-430df2718e11&amp;s=CHPL6Mi2Vf5lIq2sarpE8jkJ2YKHcsCceM2Y8QmQanw%3D', 'Nel': '{"report_to":"heroku-nel","max_age":3600,"success_fraction":0.005,"failure_fraction":0.05,"response_headers":["Via"]}', 'X-Powered-By': 'Express', 'Access-Control-Allow-Origin': '*', 'Ratelimit-Policy': '100;w=60', 'Ratelimit-Limit': '100', 'Ratelimit-Remaining': '97', 'Ratelimit-Reset': '38', 'Etag': 'W/"41e-bY3U72nulxuwNd/TmihMEHjLmek"', 'Via': '1.1 vegur', 'Cache-Control': 'max-age=14400', 'CF-Cache-Status': 'HIT', 'Age': '5924', 'Vary': 'Accept-Encoding', 'Server': 'cloudflare', 'CF-RAY': '95b65ca279580886-BKK', 'server-timing': 'cfL4;desc="?proto=TCP&amp;rtt=3396&amp;min_rtt=2906&amp;rtt_var=1379&amp;sent=5&amp;recv=6&amp;lost=0&amp;retrans=0&amp;sent_bytes=2833&amp;recv_bytes=842&amp;delivery_rate=1361867&amp;cwnd=252&amp;unsent_bytes=0&amp;cid=df7b10b0af88e82b&amp;ts=91&amp;x=0"'} 
 body={"page":1,"per_page":6,"total":12,"total_pages":2,"data":[{"id":1,"email":"george.bluth@reqres.in","first_name":"George","last_name":"Bluth","avatar":"https://reqres.in/img/faces/1-image.jpg"},{"id":2,"email":"janet.weaver@reqres.in","first_name":"Janet","last_name":"Weaver","avatar":"https://reqres.in/img/faces/2-image.jpg"},{"id":3,"email":"emma.wong@reqres.in","first_name":"Emma","last_name":"Wong","avatar":"https://reqres.in/img/faces/3-image.jpg"},{"id":4,"email":"eve.holt@reqres.in","first_name":"Eve","last_name":"Holt","avatar":"https://reqres.in/img/faces/4-image.jpg"},{"id":5,"email":"charles.morris@reqres.in","first_name":"Charles","last_name":"Morris","avatar":"https://reqres.in/img/faces/5-image.jpg"},{"id":6,"email":"tracey.ramos@reqres.in","first_name":"Tracey","last_name":"Ramos","avatar":"https://reqres.in/img/faces/6-image.jpg"}],"support":{"url":"https://contentcaddy.io?utm_source=reqres&amp;utm_medium=json&amp;utm_campaign=referral","text":"Tired of writing endless social media content? Let Content Caddy generate it for you."}} 
 </msg>
<msg time="2025-07-07T16:37:11.701167" level="INFO">C:\Users\kamineko\AppData\Local\Programs\Python\Python310\lib\site-packages\urllib3\connectionpool.py:1045: InsecureRequestWarning: Unverified HTTPS request is being made to host 'reqres.in'. Adding certificate verification is strongly advised. See: https://urllib3.readthedocs.io/en/1.26.x/advanced-usage.html#ssl-warnings
  warnings.warn(</msg>
<msg time="2025-07-07T16:37:11.701167" level="INFO">${response} = &lt;Response [200]&gt;</msg>
<var>${response}</var>
<arg>${session_alias}</arg>
<arg>${endpoint}</arg>
<arg>params=${params}</arg>
<arg>headers=${headers}</arg>
<doc>Sends a GET request on a previously created HTTP Session.</doc>
<status status="PASS" start="2025-07-07T16:37:11.490584" elapsed="0.210583"/>
</kw>
<return>
<value>${response}</value>
<status status="PASS" start="2025-07-07T16:37:11.702171" elapsed="0.000000"/>
</return>
<msg time="2025-07-07T16:37:11.702171" level="INFO">${response} = &lt;Response [200]&gt;</msg>
<var>${response}</var>
<arg>get_user_session</arg>
<arg>/api/users</arg>
<arg>params=${query_params}</arg>
<arg>headers=${headers}</arg>
<status status="PASS" start="2025-07-07T16:37:11.490584" elapsed="0.211587"/>
</kw>
<return>
<value>${response}</value>
<status status="PASS" start="2025-07-07T16:37:11.702171" elapsed="0.000000"/>
</return>
<msg time="2025-07-07T16:37:11.702171" level="INFO">${user_list} = &lt;Response [200]&gt;</msg>
<var>${user_list}</var>
<status status="PASS" start="2025-07-07T16:37:11.487837" elapsed="0.214334"/>
</kw>
<kw name="Verify status code should be 200" owner="common_keywords">
<kw name="Should Be Equal" owner="BuiltIn">
<arg>${response.status_code}</arg>
<arg>${200}</arg>
<arg>msg=Failed to get user list. Expected status code ${200}, but got ${response.status_code}. Response: ${response.text}</arg>
<doc>Fails if the given objects are unequal.</doc>
<status status="PASS" start="2025-07-07T16:37:11.703308" elapsed="0.001003"/>
</kw>
<arg>${user_list}</arg>
<status status="PASS" start="2025-07-07T16:37:11.702171" elapsed="0.002140"/>
</kw>
<kw name="Verify user list response structure" owner="user_feature">
<kw name="Set Variable" owner="BuiltIn">
<msg time="2025-07-07T16:37:11.705314" level="INFO">${user_list} = {'page': 1, 'per_page': 6, 'total': 12, 'total_pages': 2, 'data': [{'id': 1, 'email': 'george.bluth@reqres.in', 'first_name': 'George', 'last_name': 'Bluth', 'avatar': 'https://reqres.in/img/faces/1-i...</msg>
<var>${user_list}</var>
<arg>${user_list.json()}</arg>
<doc>Returns the given values which can then be assigned to a variables.</doc>
<status status="PASS" start="2025-07-07T16:37:11.704311" elapsed="0.001003"/>
</kw>
<kw name="Dictionary Should Contain Key" owner="Collections">
<arg>${user_list}</arg>
<arg>page</arg>
<arg>msg=Response is missing 'page' key.</arg>
<doc>Fails if ``key`` is not found from ``dictionary``.</doc>
<status status="PASS" start="2025-07-07T16:37:11.705314" elapsed="0.000000"/>
</kw>
<kw name="Dictionary Should Contain Key" owner="Collections">
<arg>${user_list}</arg>
<arg>per_page</arg>
<arg>msg=Response is missing 'per_page' key.</arg>
<doc>Fails if ``key`` is not found from ``dictionary``.</doc>
<status status="PASS" start="2025-07-07T16:37:11.705314" elapsed="0.000000"/>
</kw>
<kw name="Dictionary Should Contain Key" owner="Collections">
<arg>${user_list}</arg>
<arg>total</arg>
<arg>msg=Response is missing 'total' key.</arg>
<doc>Fails if ``key`` is not found from ``dictionary``.</doc>
<status status="PASS" start="2025-07-07T16:37:11.705314" elapsed="0.001005"/>
</kw>
<kw name="Dictionary Should Contain Key" owner="Collections">
<arg>${user_list}</arg>
<arg>total_pages</arg>
<arg>msg=Response is missing 'total_pages' key.</arg>
<doc>Fails if ``key`` is not found from ``dictionary``.</doc>
<status status="PASS" start="2025-07-07T16:37:11.706319" elapsed="0.000000"/>
</kw>
<kw name="Dictionary Should Contain Key" owner="Collections">
<arg>${user_list}</arg>
<arg>data</arg>
<arg>msg=Response is missing 'data' key.</arg>
<doc>Fails if ``key`` is not found from ``dictionary``.</doc>
<status status="PASS" start="2025-07-07T16:37:11.706319" elapsed="0.000000"/>
</kw>
<kw name="Dictionary Should Contain Key" owner="Collections">
<arg>${user_list}</arg>
<arg>support</arg>
<arg>msg=Response is missing 'support' key.</arg>
<doc>Fails if ``key`` is not found from ``dictionary``.</doc>
<status status="PASS" start="2025-07-07T16:37:11.706319" elapsed="0.000000"/>
</kw>
<kw name="Should Be True" owner="BuiltIn">
<arg>isinstance(${user_list['page']}, int)</arg>
<arg>msg='page' is not an integer.</arg>
<doc>Fails if the given condition is not true.</doc>
<status status="PASS" start="2025-07-07T16:37:11.706319" elapsed="0.001003"/>
</kw>
<kw name="Should Be True" owner="BuiltIn">
<arg>isinstance(${user_list['per_page']}, int)</arg>
<arg>msg='per_page' is not an integer.</arg>
<doc>Fails if the given condition is not true.</doc>
<status status="PASS" start="2025-07-07T16:37:11.707322" elapsed="0.000000"/>
</kw>
<kw name="Should Be True" owner="BuiltIn">
<arg>isinstance(${user_list['total']}, int)</arg>
<arg>msg='total' is not an integer.</arg>
<doc>Fails if the given condition is not true.</doc>
<status status="PASS" start="2025-07-07T16:37:11.707322" elapsed="0.001017"/>
</kw>
<kw name="Should Be True" owner="BuiltIn">
<arg>isinstance(${user_list['total_pages']}, int)</arg>
<arg>msg='total_pages' is not an integer.</arg>
<doc>Fails if the given condition is not true.</doc>
<status status="PASS" start="2025-07-07T16:37:11.708339" elapsed="0.000000"/>
</kw>
<kw name="Get From Dictionary" owner="Collections">
<msg time="2025-07-07T16:37:11.708339" level="INFO">${data_list} = [{'id': 1, 'email': 'george.bluth@reqres.in', 'first_name': 'George', 'last_name': 'Bluth', 'avatar': 'https://reqres.in/img/faces/1-image.jpg'}, {'id': 2, 'email': 'janet.weaver@reqres.in', 'first_na...</msg>
<var>${data_list}</var>
<arg>${user_list}</arg>
<arg>data</arg>
<doc>Returns a value from the given ``dictionary`` based on the given ``key``.</doc>
<status status="PASS" start="2025-07-07T16:37:11.708339" elapsed="0.000000"/>
</kw>
<kw name="Get From Dictionary" owner="Collections">
<msg time="2025-07-07T16:37:11.708339" level="INFO">${support_dict} = {'url': 'https://contentcaddy.io?utm_source=reqres&amp;utm_medium=json&amp;utm_campaign=referral', 'text': 'Tired of writing endless social media content? Let Content Caddy generate it for you.'}</msg>
<var>${support_dict}</var>
<arg>${user_list}</arg>
<arg>support</arg>
<doc>Returns a value from the given ``dictionary`` based on the given ``key``.</doc>
<status status="PASS" start="2025-07-07T16:37:11.708339" elapsed="0.001002"/>
</kw>
<kw name="Should Be True" owner="BuiltIn">
<arg>isinstance(${data_list}, list)</arg>
<arg>msg='data' is not a list.</arg>
<doc>Fails if the given condition is not true.</doc>
<status status="PASS" start="2025-07-07T16:37:11.709341" elapsed="0.000000"/>
</kw>
<kw name="Should Be True" owner="BuiltIn">
<arg>isinstance(${support_dict}, dict)</arg>
<arg>msg='support' is not a dictionary.</arg>
<doc>Fails if the given condition is not true.</doc>
<status status="PASS" start="2025-07-07T16:37:11.709341" elapsed="0.000000"/>
</kw>
<arg>${user_list}</arg>
<doc>Verify top-level structure of user list response.</doc>
<status status="PASS" start="2025-07-07T16:37:11.704311" elapsed="0.005030"/>
</kw>
<kw name="Verify user list pagination metadata" owner="user_feature">
<kw name="Set Variable" owner="BuiltIn">
<msg time="2025-07-07T16:37:11.711350" level="INFO">${user_list} = {'page': 1, 'per_page': 6, 'total': 12, 'total_pages': 2, 'data': [{'id': 1, 'email': 'george.bluth@reqres.in', 'first_name': 'George', 'last_name': 'Bluth', 'avatar': 'https://reqres.in/img/faces/1-i...</msg>
<var>${user_list}</var>
<arg>${user_list.json()}</arg>
<doc>Returns the given values which can then be assigned to a variables.</doc>
<status status="PASS" start="2025-07-07T16:37:11.710345" elapsed="0.001005"/>
</kw>
<kw name="Should Be Equal" owner="BuiltIn">
<arg>${user_list['page']}</arg>
<arg>${expected_page}</arg>
<arg>msg=Incorrect 'page' value.</arg>
<doc>Fails if the given objects are unequal.</doc>
<status status="PASS" start="2025-07-07T16:37:11.711350" elapsed="0.000000"/>
</kw>
<kw name="Should Be Equal" owner="BuiltIn">
<arg>${user_list['per_page']}</arg>
<arg>${expected_per_page}</arg>
<arg>msg=Incorrect 'per_page' value.</arg>
<doc>Fails if the given objects are unequal.</doc>
<status status="PASS" start="2025-07-07T16:37:11.711350" elapsed="0.001002"/>
</kw>
<kw name="Should Be Equal" owner="BuiltIn">
<arg>${user_list['total']}</arg>
<arg>${expected_total}</arg>
<arg>msg=Incorrect 'total' value.</arg>
<doc>Fails if the given objects are unequal.</doc>
<status status="PASS" start="2025-07-07T16:37:11.712352" elapsed="0.001444"/>
</kw>
<kw name="Should Be Equal" owner="BuiltIn">
<arg>${user_list['total_pages']}</arg>
<arg>${expected_total_pages}</arg>
<arg>msg=Incorrect 'total_pages' value.</arg>
<doc>Fails if the given objects are unequal.</doc>
<status status="PASS" start="2025-07-07T16:37:11.713796" elapsed="0.000000"/>
</kw>
<arg>user_list=${user_list}</arg>
<arg>expected_page=${scenario_1['expected_response']['page']}</arg>
<arg>expected_per_page=${scenario_1['expected_response']['per_page']}</arg>
<arg>expected_total=${scenario_1['expected_response']['total']}</arg>
<arg>expected_total_pages=${scenario_1['expected_response']['total_pages']}</arg>
<status status="PASS" start="2025-07-07T16:37:11.709341" elapsed="0.004455"/>
</kw>
<kw name="Verify User Data List Content" owner="user_feature">
<kw name="Set Variable" owner="BuiltIn">
<msg time="2025-07-07T16:37:11.716215" level="INFO">${user_list} = {'page': 1, 'per_page': 6, 'total': 12, 'total_pages': 2, 'data': [{'id': 1, 'email': 'george.bluth@reqres.in', 'first_name': 'George', 'last_name': 'Bluth', 'avatar': 'https://reqres.in/img/faces/1-i...</msg>
<var>${user_list}</var>
<arg>${user_list.json()}</arg>
<doc>Returns the given values which can then be assigned to a variables.</doc>
<status status="PASS" start="2025-07-07T16:37:11.715203" elapsed="0.001012"/>
</kw>
<kw name="Get From Dictionary" owner="Collections">
<msg time="2025-07-07T16:37:11.716215" level="INFO">${data_list} = [{'id': 1, 'email': 'george.bluth@reqres.in', 'first_name': 'George', 'last_name': 'Bluth', 'avatar': 'https://reqres.in/img/faces/1-image.jpg'}, {'id': 2, 'email': 'janet.weaver@reqres.in', 'first_na...</msg>
<var>${data_list}</var>
<arg>${user_list}</arg>
<arg>data</arg>
<doc>Returns a value from the given ``dictionary`` based on the given ``key``.</doc>
<status status="PASS" start="2025-07-07T16:37:11.716215" elapsed="0.000000"/>
</kw>
<kw name="Get Length" owner="BuiltIn">
<msg time="2025-07-07T16:37:11.716215" level="INFO">Length is 6.</msg>
<msg time="2025-07-07T16:37:11.716215" level="INFO">${data_count} = 6</msg>
<var>${data_count}</var>
<arg>${data_list}</arg>
<doc>Returns and logs the length of the given item as an integer.</doc>
<status status="PASS" start="2025-07-07T16:37:11.716215" elapsed="0.000000"/>
</kw>
<kw name="Should Be Equal" owner="BuiltIn">
<arg>${data_count}</arg>
<arg>${expected_data_count}</arg>
<arg>msg=Incorrect 'data_count' value. Expected ${expected_data_count}, but got ${data_count}. Response data list: ${data_list}</arg>
<doc>Fails if the given objects are unequal.</doc>
<status status="PASS" start="2025-07-07T16:37:11.716215" elapsed="0.001009"/>
</kw>
<for flavor="IN">
<iter>
<kw name="Dictionary Should Contain Key" owner="Collections">
<arg>${user}</arg>
<arg>id</arg>
<doc>Fails if ``key`` is not found from ``dictionary``.</doc>
<status status="PASS" start="2025-07-07T16:37:11.717224" elapsed="0.000000"/>
</kw>
<kw name="Dictionary Should Contain Key" owner="Collections">
<arg>${user}</arg>
<arg>email</arg>
<doc>Fails if ``key`` is not found from ``dictionary``.</doc>
<status status="PASS" start="2025-07-07T16:37:11.717224" elapsed="0.000000"/>
</kw>
<kw name="Dictionary Should Contain Key" owner="Collections">
<arg>${user}</arg>
<arg>first_name</arg>
<doc>Fails if ``key`` is not found from ``dictionary``.</doc>
<status status="PASS" start="2025-07-07T16:37:11.717224" elapsed="0.001004"/>
</kw>
<kw name="Dictionary Should Contain Key" owner="Collections">
<arg>${user}</arg>
<arg>last_name</arg>
<doc>Fails if ``key`` is not found from ``dictionary``.</doc>
<status status="PASS" start="2025-07-07T16:37:11.718228" elapsed="0.000000"/>
</kw>
<kw name="Dictionary Should Contain Key" owner="Collections">
<arg>${user}</arg>
<arg>avatar</arg>
<doc>Fails if ``key`` is not found from ``dictionary``.</doc>
<status status="PASS" start="2025-07-07T16:37:11.718228" elapsed="0.000000"/>
</kw>
<kw name="Should Be True" owner="BuiltIn">
<arg>isinstance(${user['id']}, int)</arg>
<arg>msg=User ID is not an integer.</arg>
<doc>Fails if the given condition is not true.</doc>
<status status="PASS" start="2025-07-07T16:37:11.718228" elapsed="0.000000"/>
</kw>
<kw name="Should Be True" owner="BuiltIn">
<arg>isinstance('${user['email']}', str)</arg>
<arg>msg=User email is not a string.</arg>
<doc>Fails if the given condition is not true.</doc>
<status status="PASS" start="2025-07-07T16:37:11.719233" elapsed="0.000000"/>
</kw>
<kw name="Should Match Regexp" owner="BuiltIn">
<arg>${user['email']}</arg>
<arg>^\\S+@\\S+\\.\\S+$</arg>
<arg>msg=Invalid email format for user: ${user['email']}</arg>
<doc>Fails if ``string`` does not match ``pattern`` as a regular expression.</doc>
<status status="PASS" start="2025-07-07T16:37:11.719233" elapsed="0.001006"/>
</kw>
<var name="${user}">{'id': 1, 'email': 'george.bluth@reqres.in', 'first_name': 'George', 'last_name': 'Bluth', 'avatar': 'https://reqres.in/img/faces/1-image.jpg'}</var>
<status status="PASS" start="2025-07-07T16:37:11.717224" elapsed="0.003015"/>
</iter>
<iter>
<kw name="Dictionary Should Contain Key" owner="Collections">
<arg>${user}</arg>
<arg>id</arg>
<doc>Fails if ``key`` is not found from ``dictionary``.</doc>
<status status="PASS" start="2025-07-07T16:37:11.720239" elapsed="0.000000"/>
</kw>
<kw name="Dictionary Should Contain Key" owner="Collections">
<arg>${user}</arg>
<arg>email</arg>
<doc>Fails if ``key`` is not found from ``dictionary``.</doc>
<status status="PASS" start="2025-07-07T16:37:11.720239" elapsed="0.000000"/>
</kw>
<kw name="Dictionary Should Contain Key" owner="Collections">
<arg>${user}</arg>
<arg>first_name</arg>
<doc>Fails if ``key`` is not found from ``dictionary``.</doc>
<status status="PASS" start="2025-07-07T16:37:11.720239" elapsed="0.000000"/>
</kw>
<kw name="Dictionary Should Contain Key" owner="Collections">
<arg>${user}</arg>
<arg>last_name</arg>
<doc>Fails if ``key`` is not found from ``dictionary``.</doc>
<status status="PASS" start="2025-07-07T16:37:11.721241" elapsed="0.000000"/>
</kw>
<kw name="Dictionary Should Contain Key" owner="Collections">
<arg>${user}</arg>
<arg>avatar</arg>
<doc>Fails if ``key`` is not found from ``dictionary``.</doc>
<status status="PASS" start="2025-07-07T16:37:11.721241" elapsed="0.000000"/>
</kw>
<kw name="Should Be True" owner="BuiltIn">
<arg>isinstance(${user['id']}, int)</arg>
<arg>msg=User ID is not an integer.</arg>
<doc>Fails if the given condition is not true.</doc>
<status status="PASS" start="2025-07-07T16:37:11.721241" elapsed="0.001003"/>
</kw>
<kw name="Should Be True" owner="BuiltIn">
<arg>isinstance('${user['email']}', str)</arg>
<arg>msg=User email is not a string.</arg>
<doc>Fails if the given condition is not true.</doc>
<status status="PASS" start="2025-07-07T16:37:11.722244" elapsed="0.001018"/>
</kw>
<kw name="Should Match Regexp" owner="BuiltIn">
<arg>${user['email']}</arg>
<arg>^\\S+@\\S+\\.\\S+$</arg>
<arg>msg=Invalid email format for user: ${user['email']}</arg>
<doc>Fails if ``string`` does not match ``pattern`` as a regular expression.</doc>
<status status="PASS" start="2025-07-07T16:37:11.723262" elapsed="0.000000"/>
</kw>
<var name="${user}">{'id': 2, 'email': 'janet.weaver@reqres.in', 'first_name': 'Janet', 'last_name': 'Weaver', 'avatar': 'https://reqres.in/img/faces/2-image.jpg'}</var>
<status status="PASS" start="2025-07-07T16:37:11.720239" elapsed="0.003023"/>
</iter>
<iter>
<kw name="Dictionary Should Contain Key" owner="Collections">
<arg>${user}</arg>
<arg>id</arg>
<doc>Fails if ``key`` is not found from ``dictionary``.</doc>
<status status="PASS" start="2025-07-07T16:37:11.723262" elapsed="0.001004"/>
</kw>
<kw name="Dictionary Should Contain Key" owner="Collections">
<arg>${user}</arg>
<arg>email</arg>
<doc>Fails if ``key`` is not found from ``dictionary``.</doc>
<status status="PASS" start="2025-07-07T16:37:11.724266" elapsed="0.000000"/>
</kw>
<kw name="Dictionary Should Contain Key" owner="Collections">
<arg>${user}</arg>
<arg>first_name</arg>
<doc>Fails if ``key`` is not found from ``dictionary``.</doc>
<status status="PASS" start="2025-07-07T16:37:11.724266" elapsed="0.000000"/>
</kw>
<kw name="Dictionary Should Contain Key" owner="Collections">
<arg>${user}</arg>
<arg>last_name</arg>
<doc>Fails if ``key`` is not found from ``dictionary``.</doc>
<status status="PASS" start="2025-07-07T16:37:11.724266" elapsed="0.000000"/>
</kw>
<kw name="Dictionary Should Contain Key" owner="Collections">
<arg>${user}</arg>
<arg>avatar</arg>
<doc>Fails if ``key`` is not found from ``dictionary``.</doc>
<status status="PASS" start="2025-07-07T16:37:11.724266" elapsed="0.000000"/>
</kw>
<kw name="Should Be True" owner="BuiltIn">
<arg>isinstance(${user['id']}, int)</arg>
<arg>msg=User ID is not an integer.</arg>
<doc>Fails if the given condition is not true.</doc>
<status status="PASS" start="2025-07-07T16:37:11.724266" elapsed="0.001003"/>
</kw>
<kw name="Should Be True" owner="BuiltIn">
<arg>isinstance('${user['email']}', str)</arg>
<arg>msg=User email is not a string.</arg>
<doc>Fails if the given condition is not true.</doc>
<status status="PASS" start="2025-07-07T16:37:11.725269" elapsed="0.000000"/>
</kw>
<kw name="Should Match Regexp" owner="BuiltIn">
<arg>${user['email']}</arg>
<arg>^\\S+@\\S+\\.\\S+$</arg>
<arg>msg=Invalid email format for user: ${user['email']}</arg>
<doc>Fails if ``string`` does not match ``pattern`` as a regular expression.</doc>
<status status="PASS" start="2025-07-07T16:37:11.725269" elapsed="0.001004"/>
</kw>
<var name="${user}">{'id': 3, 'email': 'emma.wong@reqres.in', 'first_name': 'Emma', 'last_name': 'Wong', 'avatar': 'https://reqres.in/img/faces/3-image.jpg'}</var>
<status status="PASS" start="2025-07-07T16:37:11.723262" elapsed="0.003011"/>
</iter>
<iter>
<kw name="Dictionary Should Contain Key" owner="Collections">
<arg>${user}</arg>
<arg>id</arg>
<doc>Fails if ``key`` is not found from ``dictionary``.</doc>
<status status="PASS" start="2025-07-07T16:37:11.726273" elapsed="0.000000"/>
</kw>
<kw name="Dictionary Should Contain Key" owner="Collections">
<arg>${user}</arg>
<arg>email</arg>
<doc>Fails if ``key`` is not found from ``dictionary``.</doc>
<status status="PASS" start="2025-07-07T16:37:11.726273" elapsed="0.000000"/>
</kw>
<kw name="Dictionary Should Contain Key" owner="Collections">
<arg>${user}</arg>
<arg>first_name</arg>
<doc>Fails if ``key`` is not found from ``dictionary``.</doc>
<status status="PASS" start="2025-07-07T16:37:11.727276" elapsed="0.000000"/>
</kw>
<kw name="Dictionary Should Contain Key" owner="Collections">
<arg>${user}</arg>
<arg>last_name</arg>
<doc>Fails if ``key`` is not found from ``dictionary``.</doc>
<status status="PASS" start="2025-07-07T16:37:11.727276" elapsed="0.000000"/>
</kw>
<kw name="Dictionary Should Contain Key" owner="Collections">
<arg>${user}</arg>
<arg>avatar</arg>
<doc>Fails if ``key`` is not found from ``dictionary``.</doc>
<status status="PASS" start="2025-07-07T16:37:11.727276" elapsed="0.000000"/>
</kw>
<kw name="Should Be True" owner="BuiltIn">
<arg>isinstance(${user['id']}, int)</arg>
<arg>msg=User ID is not an integer.</arg>
<doc>Fails if the given condition is not true.</doc>
<status status="PASS" start="2025-07-07T16:37:11.727276" elapsed="0.000000"/>
</kw>
<kw name="Should Be True" owner="BuiltIn">
<arg>isinstance('${user['email']}', str)</arg>
<arg>msg=User email is not a string.</arg>
<doc>Fails if the given condition is not true.</doc>
<status status="PASS" start="2025-07-07T16:37:11.728278" elapsed="0.000000"/>
</kw>
<kw name="Should Match Regexp" owner="BuiltIn">
<arg>${user['email']}</arg>
<arg>^\\S+@\\S+\\.\\S+$</arg>
<arg>msg=Invalid email format for user: ${user['email']}</arg>
<doc>Fails if ``string`` does not match ``pattern`` as a regular expression.</doc>
<status status="PASS" start="2025-07-07T16:37:11.728278" elapsed="0.000000"/>
</kw>
<var name="${user}">{'id': 4, 'email': 'eve.holt@reqres.in', 'first_name': 'Eve', 'last_name': 'Holt', 'avatar': 'https://reqres.in/img/faces/4-image.jpg'}</var>
<status status="PASS" start="2025-07-07T16:37:11.726273" elapsed="0.002005"/>
</iter>
<iter>
<kw name="Dictionary Should Contain Key" owner="Collections">
<arg>${user}</arg>
<arg>id</arg>
<doc>Fails if ``key`` is not found from ``dictionary``.</doc>
<status status="PASS" start="2025-07-07T16:37:11.728278" elapsed="0.000000"/>
</kw>
<kw name="Dictionary Should Contain Key" owner="Collections">
<arg>${user}</arg>
<arg>email</arg>
<doc>Fails if ``key`` is not found from ``dictionary``.</doc>
<status status="PASS" start="2025-07-07T16:37:11.729729" elapsed="0.000000"/>
</kw>
<kw name="Dictionary Should Contain Key" owner="Collections">
<arg>${user}</arg>
<arg>first_name</arg>
<doc>Fails if ``key`` is not found from ``dictionary``.</doc>
<status status="PASS" start="2025-07-07T16:37:11.729729" elapsed="0.000000"/>
</kw>
<kw name="Dictionary Should Contain Key" owner="Collections">
<arg>${user}</arg>
<arg>last_name</arg>
<doc>Fails if ``key`` is not found from ``dictionary``.</doc>
<status status="PASS" start="2025-07-07T16:37:11.729729" elapsed="0.000000"/>
</kw>
<kw name="Dictionary Should Contain Key" owner="Collections">
<arg>${user}</arg>
<arg>avatar</arg>
<doc>Fails if ``key`` is not found from ``dictionary``.</doc>
<status status="PASS" start="2025-07-07T16:37:11.729729" elapsed="0.000000"/>
</kw>
<kw name="Should Be True" owner="BuiltIn">
<arg>isinstance(${user['id']}, int)</arg>
<arg>msg=User ID is not an integer.</arg>
<doc>Fails if the given condition is not true.</doc>
<status status="PASS" start="2025-07-07T16:37:11.729729" elapsed="0.000000"/>
</kw>
<kw name="Should Be True" owner="BuiltIn">
<arg>isinstance('${user['email']}', str)</arg>
<arg>msg=User email is not a string.</arg>
<doc>Fails if the given condition is not true.</doc>
<status status="PASS" start="2025-07-07T16:37:11.730979" elapsed="0.000000"/>
</kw>
<kw name="Should Match Regexp" owner="BuiltIn">
<arg>${user['email']}</arg>
<arg>^\\S+@\\S+\\.\\S+$</arg>
<arg>msg=Invalid email format for user: ${user['email']}</arg>
<doc>Fails if ``string`` does not match ``pattern`` as a regular expression.</doc>
<status status="PASS" start="2025-07-07T16:37:11.730979" elapsed="0.001005"/>
</kw>
<var name="${user}">{'id': 5, 'email': 'charles.morris@reqres.in', 'first_name': 'Charles', 'last_name': 'Morris', 'avatar': 'https://reqres.in/img/faces/5-image.jpg'}</var>
<status status="PASS" start="2025-07-07T16:37:11.728278" elapsed="0.003706"/>
</iter>
<iter>
<kw name="Dictionary Should Contain Key" owner="Collections">
<arg>${user}</arg>
<arg>id</arg>
<doc>Fails if ``key`` is not found from ``dictionary``.</doc>
<status status="PASS" start="2025-07-07T16:37:11.731984" elapsed="0.000000"/>
</kw>
<kw name="Dictionary Should Contain Key" owner="Collections">
<arg>${user}</arg>
<arg>email</arg>
<doc>Fails if ``key`` is not found from ``dictionary``.</doc>
<status status="PASS" start="2025-07-07T16:37:11.731984" elapsed="0.000000"/>
</kw>
<kw name="Dictionary Should Contain Key" owner="Collections">
<arg>${user}</arg>
<arg>first_name</arg>
<doc>Fails if ``key`` is not found from ``dictionary``.</doc>
<status status="PASS" start="2025-07-07T16:37:11.731984" elapsed="0.000000"/>
</kw>
<kw name="Dictionary Should Contain Key" owner="Collections">
<arg>${user}</arg>
<arg>last_name</arg>
<doc>Fails if ``key`` is not found from ``dictionary``.</doc>
<status status="PASS" start="2025-07-07T16:37:11.731984" elapsed="0.001003"/>
</kw>
<kw name="Dictionary Should Contain Key" owner="Collections">
<arg>${user}</arg>
<arg>avatar</arg>
<doc>Fails if ``key`` is not found from ``dictionary``.</doc>
<status status="PASS" start="2025-07-07T16:37:11.732987" elapsed="0.000000"/>
</kw>
<kw name="Should Be True" owner="BuiltIn">
<arg>isinstance(${user['id']}, int)</arg>
<arg>msg=User ID is not an integer.</arg>
<doc>Fails if the given condition is not true.</doc>
<status status="PASS" start="2025-07-07T16:37:11.732987" elapsed="0.000000"/>
</kw>
<kw name="Should Be True" owner="BuiltIn">
<arg>isinstance('${user['email']}', str)</arg>
<arg>msg=User email is not a string.</arg>
<doc>Fails if the given condition is not true.</doc>
<status status="PASS" start="2025-07-07T16:37:11.732987" elapsed="0.001005"/>
</kw>
<kw name="Should Match Regexp" owner="BuiltIn">
<arg>${user['email']}</arg>
<arg>^\\S+@\\S+\\.\\S+$</arg>
<arg>msg=Invalid email format for user: ${user['email']}</arg>
<doc>Fails if ``string`` does not match ``pattern`` as a regular expression.</doc>
<status status="PASS" start="2025-07-07T16:37:11.733992" elapsed="0.000000"/>
</kw>
<var name="${user}">{'id': 6, 'email': 'tracey.ramos@reqres.in', 'first_name': 'Tracey', 'last_name': 'Ramos', 'avatar': 'https://reqres.in/img/faces/6-image.jpg'}</var>
<status status="PASS" start="2025-07-07T16:37:11.731984" elapsed="0.002008"/>
</iter>
<var>${user}</var>
<value>@{data_list}</value>
<status status="PASS" start="2025-07-07T16:37:11.717224" elapsed="0.016768"/>
</for>
<arg>user_list=${user_list}</arg>
<arg>expected_data_count=${scenario_1['expected_response']['data_count']}</arg>
<status status="PASS" start="2025-07-07T16:37:11.715203" elapsed="0.018789"/>
</kw>
<kw name="Verify User List Support Section" owner="user_feature">
<kw name="Set Variable" owner="BuiltIn">
<msg time="2025-07-07T16:37:11.736203" level="INFO">${user_list} = {'page': 1, 'per_page': 6, 'total': 12, 'total_pages': 2, 'data': [{'id': 1, 'email': 'george.bluth@reqres.in', 'first_name': 'George', 'last_name': 'Bluth', 'avatar': 'https://reqres.in/img/faces/1-i...</msg>
<var>${user_list}</var>
<arg>${user_list.json()}</arg>
<doc>Returns the given values which can then be assigned to a variables.</doc>
<status status="PASS" start="2025-07-07T16:37:11.735196" elapsed="0.001007"/>
</kw>
<kw name="Get From Dictionary" owner="Collections">
<msg time="2025-07-07T16:37:11.736203" level="INFO">${support} = {'url': 'https://contentcaddy.io?utm_source=reqres&amp;utm_medium=json&amp;utm_campaign=referral', 'text': 'Tired of writing endless social media content? Let Content Caddy generate it for you.'}</msg>
<var>${support}</var>
<arg>${user_list}</arg>
<arg>support</arg>
<doc>Returns a value from the given ``dictionary`` based on the given ``key``.</doc>
<status status="PASS" start="2025-07-07T16:37:11.736203" elapsed="0.000000"/>
</kw>
<kw name="Dictionary Should Contain Key" owner="Collections">
<arg>${support}</arg>
<arg>url</arg>
<arg>msg=Response is missing 'url' key.</arg>
<doc>Fails if ``key`` is not found from ``dictionary``.</doc>
<status status="PASS" start="2025-07-07T16:37:11.736203" elapsed="0.001003"/>
</kw>
<kw name="Dictionary Should Contain Key" owner="Collections">
<arg>${support}</arg>
<arg>text</arg>
<arg>msg=Response is missing 'text' key.</arg>
<doc>Fails if ``key`` is not found from ``dictionary``.</doc>
<status status="PASS" start="2025-07-07T16:37:11.737206" elapsed="0.000000"/>
</kw>
<kw name="Should Be True" owner="BuiltIn">
<arg>isinstance('${support['url']}', str)</arg>
<arg>msg='url' is not an string.</arg>
<doc>Fails if the given condition is not true.</doc>
<status status="PASS" start="2025-07-07T16:37:11.737206" elapsed="0.000000"/>
</kw>
<kw name="Should Be True" owner="BuiltIn">
<arg>isinstance('${support['text']}', str)</arg>
<arg>msg='url' is not an string.</arg>
<doc>Fails if the given condition is not true.</doc>
<status status="PASS" start="2025-07-07T16:37:11.737206" elapsed="0.001020"/>
</kw>
<kw name="Should Be Equal" owner="BuiltIn">
<arg>${support['url']}</arg>
<arg>${expected_support_url}</arg>
<arg>msg=Incorrect 'support url' value.</arg>
<doc>Fails if the given objects are unequal.</doc>
<status status="PASS" start="2025-07-07T16:37:11.738226" elapsed="0.000000"/>
</kw>
<kw name="Should Be Equal" owner="BuiltIn">
<arg>${support['text']}</arg>
<arg>${expected_support_text}</arg>
<arg>msg=Incorrect 'support text' value.</arg>
<doc>Fails if the given objects are unequal.</doc>
<status status="PASS" start="2025-07-07T16:37:11.738226" elapsed="0.001003"/>
</kw>
<arg>user_list=${user_list}</arg>
<arg>expected_support_url=${scenario_1['expected_response']['support_url']}</arg>
<arg>expected_support_text=${scenario_1['expected_response']['support_text']}</arg>
<status status="PASS" start="2025-07-07T16:37:11.735196" elapsed="0.004033"/>
</kw>
<tag>get_user</tag>
<status status="PASS" start="2025-07-07T16:37:11.486831" elapsed="0.252398"/>
</test>
<status status="PASS" start="2025-07-07T16:37:11.175005" elapsed="0.564224"/>
</suite>
<status status="PASS" start="2025-07-07T16:37:11.154627" elapsed="0.585608"/>
</suite>
<statistics>
<total>
<stat pass="1" fail="0" skip="0">All Tests</stat>
</total>
<tag>
<stat pass="1" fail="0" skip="0">get_user</stat>
</tag>
<suite>
<stat pass="1" fail="0" skip="0" id="s1" name="Testcase">Testcase</stat>
<stat pass="1" fail="0" skip="0" id="s1-s1" name="Tc 001 User Api Success Case">Testcase.Tc 001 User Api Success Case</stat>
</suite>
</statistics>
<errors>
</errors>
</robot>
